<?xml version="1.0" encoding="UTF-8"?>
<!-- Generated by org.testng.reporters.JUnitXMLReporter -->
<testsuite hostname="LAPTOP-U08S3ANA" ignored="0" name="Default test" tests="3" failures="0" timestamp="11 Apr 2020 05:31:12 GMT" time="37.834" errors="0">
  <testcase name="@BeforeMethod SetUp" time="15.117" classname="com.crm.qa.testcases.LoginPageTest">
    <failure type="org.openqa.selenium.SessionNotCreatedException" message="session not created
from chrome not reachable
  (Session info: chrome=80.0.3987.163)
Build info: version: &amp;apos;3.14.0&amp;apos;, revision: &amp;apos;aacccce0&amp;apos;, time: &amp;apos;2018-08-02T20:19:58.91Z&amp;apos;
System info: host: &amp;apos;LAPTOP-U08S3ANA&amp;apos;, ip: &amp;apos;192.168.1.200&amp;apos;, os.name: &amp;apos;Windows 10&amp;apos;, os.arch: &amp;apos;amd64&amp;apos;, os.version: &amp;apos;10.0&amp;apos;, java.version: &amp;apos;1.8.0_241&amp;apos;
Driver info: driver.version: ChromeDriver
remote stacktrace: Backtrace:
	Ordinal0 [0x00530C83+1707139]
	Ordinal0 [0x004968F1+1075441]
	Ordinal0 [0x0040DE72+515698]
	Ordinal0 [0x00407CA8+490664]
	Ordinal0 [0x0040839B+492443]
	Ordinal0 [0x004092F5+496373]
	Ordinal0 [0x00404F05+478981]
	Ordinal0 [0x0040ECA0+519328]
	Ordinal0 [0x003BCA67+182887]
	Ordinal0 [0x003BBDDD+179677]
	Ordinal0 [0x003B9D4B+171339]
	Ordinal0 [0x003A1D4A+73034]
	Ordinal0 [0x003A2DC0+77248]
	Ordinal0 [0x003A2D59+77145]
	Ordinal0 [0x004ABB67+1162087]
	GetHandleVerifier [0x005CA966+508998]
	GetHandleVerifier [0x005CA6A4+508292]
	GetHandleVerifier [0x005DF7B7+594583]
	GetHandleVerifier [0x005CB1D6+511158]
	Ordinal0 [0x004A402C+1130540]
	Ordinal0 [0x004AD4CB+1168587]
	Ordinal0 [0x004AD633+1168947]
	Ordinal0 [0x004C5B35+1268533]
	BaseThreadInitThunk [0x77206359+25]
	RtlGetAppContainerNamedObjectPath [0x77BD7B74+228]
	RtlGetAppContainerNamedObjectPath [0x77BD7B44+180]
">
      <![CDATA[org.openqa.selenium.SessionNotCreatedException: session not created
from chrome not reachable
  (Session info: chrome=80.0.3987.163)
Build info: version: '3.14.0', revision: 'aacccce0', time: '2018-08-02T20:19:58.91Z'
System info: host: 'LAPTOP-U08S3ANA', ip: '192.168.1.200', os.name: 'Windows 10', os.arch: 'amd64', os.version: '10.0', java.version: '1.8.0_241'
Driver info: driver.version: ChromeDriver
remote stacktrace: Backtrace:
	Ordinal0 [0x00530C83+1707139]
	Ordinal0 [0x004968F1+1075441]
	Ordinal0 [0x0040DE72+515698]
	Ordinal0 [0x00407CA8+490664]
	Ordinal0 [0x0040839B+492443]
	Ordinal0 [0x004092F5+496373]
	Ordinal0 [0x00404F05+478981]
	Ordinal0 [0x0040ECA0+519328]
	Ordinal0 [0x003BCA67+182887]
	Ordinal0 [0x003BBDDD+179677]
	Ordinal0 [0x003B9D4B+171339]
	Ordinal0 [0x003A1D4A+73034]
	Ordinal0 [0x003A2DC0+77248]
	Ordinal0 [0x003A2D59+77145]
	Ordinal0 [0x004ABB67+1162087]
	GetHandleVerifier [0x005CA966+508998]
	GetHandleVerifier [0x005CA6A4+508292]
	GetHandleVerifier [0x005DF7B7+594583]
	GetHandleVerifier [0x005CB1D6+511158]
	Ordinal0 [0x004A402C+1130540]
	Ordinal0 [0x004AD4CB+1168587]
	Ordinal0 [0x004AD633+1168947]
	Ordinal0 [0x004C5B35+1268533]
	BaseThreadInitThunk [0x77206359+25]
	RtlGetAppContainerNamedObjectPath [0x77BD7B74+228]
	RtlGetAppContainerNamedObjectPath [0x77BD7B44+180]

	at sun.reflect.NativeConstructorAccessorImpl.newInstance0(Native Method)
	at sun.reflect.NativeConstructorAccessorImpl.newInstance(NativeConstructorAccessorImpl.java:62)
	at sun.reflect.DelegatingConstructorAccessorImpl.newInstance(DelegatingConstructorAccessorImpl.java:45)
	at java.lang.reflect.Constructor.newInstance(Constructor.java:423)
	at org.openqa.selenium.remote.W3CHandshakeResponse.lambda$new$0(W3CHandshakeResponse.java:57)
	at org.openqa.selenium.remote.W3CHandshakeResponse.lambda$getResponseFunction$2(W3CHandshakeResponse.java:104)
	at org.openqa.selenium.remote.ProtocolHandshake.lambda$createSession$0(ProtocolHandshake.java:122)
	at java.util.stream.ReferencePipeline$3$1.accept(ReferencePipeline.java:193)
	at java.util.Spliterators$ArraySpliterator.tryAdvance(Spliterators.java:958)
	at java.util.stream.ReferencePipeline.forEachWithCancel(ReferencePipeline.java:126)
	at java.util.stream.AbstractPipeline.copyIntoWithCancel(AbstractPipeline.java:499)
	at java.util.stream.AbstractPipeline.copyInto(AbstractPipeline.java:486)
	at java.util.stream.AbstractPipeline.wrapAndCopyInto(AbstractPipeline.java:472)
	at java.util.stream.FindOps$FindOp.evaluateSequential(FindOps.java:152)
	at java.util.stream.AbstractPipeline.evaluate(AbstractPipeline.java:234)
	at java.util.stream.ReferencePipeline.findFirst(ReferencePipeline.java:464)
	at org.openqa.selenium.remote.ProtocolHandshake.createSession(ProtocolHandshake.java:125)
	at org.openqa.selenium.remote.ProtocolHandshake.createSession(ProtocolHandshake.java:73)
	at org.openqa.selenium.remote.HttpCommandExecutor.execute(HttpCommandExecutor.java:136)
	at org.openqa.selenium.remote.service.DriverCommandExecutor.execute(DriverCommandExecutor.java:83)
	at org.openqa.selenium.remote.RemoteWebDriver.execute(RemoteWebDriver.java:548)
	at org.openqa.selenium.remote.RemoteWebDriver.startSession(RemoteWebDriver.java:212)
	at org.openqa.selenium.remote.RemoteWebDriver.<init>(RemoteWebDriver.java:130)
	at org.openqa.selenium.chrome.ChromeDriver.<init>(ChromeDriver.java:181)
	at org.openqa.selenium.chrome.ChromeDriver.<init>(ChromeDriver.java:168)
	at org.openqa.selenium.chrome.ChromeDriver.<init>(ChromeDriver.java:123)
	at com.crm.qa.base.TestBase.Initialization(TestBase.java:44)
	at com.crm.qa.testcases.LoginPageTest.SetUp(LoginPageTest.java:26)
	at sun.reflect.NativeMethodAccessorImpl.invoke0(Native Method)
	at sun.reflect.NativeMethodAccessorImpl.invoke(NativeMethodAccessorImpl.java:62)
	at sun.reflect.DelegatingMethodAccessorImpl.invoke(DelegatingMethodAccessorImpl.java:43)
	at java.lang.reflect.Method.invoke(Method.java:498)
	at org.testng.internal.MethodInvocationHelper.invokeMethod(MethodInvocationHelper.java:108)
	at org.testng.internal.Invoker.invokeConfigurationMethod(Invoker.java:523)
	at org.testng.internal.Invoker.invokeConfigurations(Invoker.java:224)
	at org.testng.internal.Invoker.invokeMethod(Invoker.java:599)
	at org.testng.internal.Invoker.invokeTestMethod(Invoker.java:869)
	at org.testng.internal.Invoker.invokeTestMethods(Invoker.java:1193)
	at org.testng.internal.TestMethodWorker.invokeTestMethods(TestMethodWorker.java:126)
	at org.testng.internal.TestMethodWorker.run(TestMethodWorker.java:109)
	at org.testng.TestRunner.privateRun(TestRunner.java:744)
	at org.testng.TestRunner.run(TestRunner.java:602)
	at org.testng.SuiteRunner.runTest(SuiteRunner.java:380)
	at org.testng.SuiteRunner.runSequentially(SuiteRunner.java:375)
	at org.testng.SuiteRunner.privateRun(SuiteRunner.java:340)
	at org.testng.SuiteRunner.run(SuiteRunner.java:289)
	at org.testng.SuiteRunnerWorker.runSuite(SuiteRunnerWorker.java:52)
	at org.testng.SuiteRunnerWorker.run(SuiteRunnerWorker.java:86)
	at org.testng.TestNG.runSuitesSequentially(TestNG.java:1301)
	at org.testng.TestNG.runSuitesLocally(TestNG.java:1226)
	at org.testng.TestNG.runSuites(TestNG.java:1144)
	at org.testng.TestNG.run(TestNG.java:1115)
	at org.testng.remote.AbstractRemoteTestNG.run(AbstractRemoteTestNG.java:132)
	at org.testng.remote.RemoteTestNG.initAndRun(RemoteTestNG.java:236)
	at org.testng.remote.RemoteTestNG.main(RemoteTestNG.java:81)
]]>
    </failure>
  </testcase> <!-- @BeforeMethod SetUp -->
  <testcase name="LoginPageTitleTest" time="0.027" classname="com.crm.qa.testcases.LoginPageTest"/>
  <testcase name="CRFMImageTest" time="0.059" classname="com.crm.qa.testcases.LoginPageTest"/>
  <testcase name="loginTest" time="0.0" classname="com.crm.qa.testcases.LoginPageTest">
    <skipped/>
  </testcase> <!-- loginTest -->
</testsuite> <!-- Default test -->
